20:23:09 GMT+0000 (UTC) - compiled index.coffee
20:23:24 GMT+0000 (UTC) - compiled index.coffee
05:40:07 GMT+0000 (UTC) - compiled google.coffee
21:45:06 GMT+0000 (UTC) - compiled index.coffee
21:45:21 GMT+0000 (UTC) - compiled test.coffee
In test.coffee, Reserved word "var" on line 3
In test.coffee, Reserved word "var" on line 3
In index.coffee, Reserved word "var" on line 3
In index.coffee, Reserved word "var" on line 3
In index.coffee, Reserved word "var" on line 3
In test.coffee, Parse error on line 5: Unexpected 'OUTDENT'
21:54:51 GMT+0000 (UTC) - compiled test.coffee
21:56:50 GMT+0000 (UTC) - compiled test.coffee
21:58:04 GMT+0000 (UTC) - compiled test.coffee
21:58:10 GMT+0000 (UTC) - compiled test.coffee
21:58:30 GMT+0000 (UTC) - compiled test.coffee
21:59:37 GMT+0000 (UTC) - compiled test.coffee
21:59:45 GMT+0000 (UTC) - compiled test.coffee
In test.coffee, Parse error on line 11: Unexpected 'OUTDENT'
22:09:54 GMT+0000 (UTC) - compiled test.coffee
22:10:15 GMT+0000 (UTC) - compiled test.coffee
22:10:56 GMT+0000 (UTC) - compiled test.coffee
22:11:10 GMT+0000 (UTC) - compiled test.coffee
22:11:58 GMT+0000 (UTC) - compiled test.coffee
22:15:58 GMT+0000 (UTC) - compiled test.coffee
22:20:01 GMT+0000 (UTC) - compiled test.coffee
22:20:25 GMT+0000 (UTC) - compiled test.coffee
22:21:42 GMT+0000 (UTC) - compiled test.coffee
22:22:57 GMT+0000 (UTC) - compiled test.coffee
22:25:09 GMT+0000 (UTC) - compiled test.coffee
In test.coffee, Parse error on line 15: Unexpected 'OUTDENT'
In test.coffee, Parse error on line 15: Unexpected 'OUTDENT'
In test.coffee, Parse error on line 15: Unexpected 'OUTDENT'
In test.coffee, Parse error on line 15: Unexpected 'OUTDENT'
In test.coffee, Parse error on line 15: Unexpected 'OUTDENT'
In test.coffee, Parse error on line 15: Unexpected '['
In test.coffee, Parse error on line 15: Unexpected 'OUTDENT'
In test.coffee, Parse error on line 15: Unexpected 'OUTDENT'
In test.coffee, Parse error on line 15: Unexpected 'OUTDENT'
In test.coffee, Parse error on line 15: Unexpected 'OUTDENT'
In test.coffee, Parse error on line 15: Unexpected 'OUTDENT'
In test.coffee, Parse error on line 15: Unexpected 'OUTDENT'
In test.coffee, Parse error on line 15: Unexpected 'OUTDENT'
In test.coffee, Parse error on line 15: Unexpected 'OUTDENT'
In test.coffee, Parse error on line 15: Unexpected 'OUTDENT'
In test.coffee, Parse error on line 15: Unexpected 'OUTDENT'
In test.coffee, Parse error on line 15: Unexpected 'OUTDENT'
In test.coffee, Parse error on line 15: Unexpected 'OUTDENT'
In test.coffee, Parse error on line 15: Unexpected 'OUTDENT'
In test.coffee, Parse error on line 15: Unexpected 'OUTDENT'
03:49:16 GMT+0000 (UTC) - compiled test.coffee
03:52:50 GMT+0000 (UTC) - compiled test.coffee
03:53:01 GMT+0000 (UTC) - compiled test.coffee
03:54:27 GMT+0000 (UTC) - compiled test.coffee
03:54:50 GMT+0000 (UTC) - compiled test.coffee
03:55:37 GMT+0000 (UTC) - compiled test.coffee
03:56:14 GMT+0000 (UTC) - compiled test.coffee
03:56:19 GMT+0000 (UTC) - compiled test.coffee
03:56:31 GMT+0000 (UTC) - compiled test.coffee
03:56:34 GMT+0000 (UTC) - compiled test.coffee
03:56:37 GMT+0000 (UTC) - compiled test.coffee
03:59:27 GMT+0000 (UTC) - compiled test.coffee
04:00:40 GMT+0000 (UTC) - compiled test.coffee
04:00:50 GMT+0000 (UTC) - compiled test.coffee
04:01:33 GMT+0000 (UTC) - compiled test.coffee
04:01:46 GMT+0000 (UTC) - compiled test.coffee
04:02:28 GMT+0000 (UTC) - compiled test.coffee
04:04:06 GMT+0000 (UTC) - compiled test.coffee
04:04:37 GMT+0000 (UTC) - compiled test.coffee
04:07:04 GMT+0000 (UTC) - compiled test.coffee
04:07:22 GMT+0000 (UTC) - compiled test.coffee
In test.coffee, cannot define a constructor as a bound function
In test.coffee, cannot define a constructor as a bound function
In test.coffee, cannot define a constructor as a bound function
In test.coffee, cannot define a constructor as a bound function
In test.coffee, cannot define a constructor as a bound function
In test.coffee, cannot define a constructor as a bound function
In test.coffee, cannot define a constructor as a bound function
In test.coffee, cannot define a constructor as a bound function
In test.coffee, cannot define a constructor as a bound function
In test.coffee, cannot define a constructor as a bound function
In test.coffee, cannot define a constructor as a bound function
In test.coffee, cannot define a constructor as a bound function
In test.coffee, cannot define a constructor as a bound function
In test.coffee, cannot define a constructor as a bound function
In test.coffee, cannot define a constructor as a bound function
In test.coffee, cannot define a constructor as a bound function
In test.coffee, cannot define a constructor as a bound function
In test.coffee, cannot define a constructor as a bound function
In test.coffee, cannot define a constructor as a bound function
In test.coffee, cannot define a constructor as a bound function
In test.coffee, cannot define a constructor as a bound function
In index.coffee, Reserved word "var" on line 3
In index.coffee, Reserved word "var" on line 3
In test.coffee, cannot define a constructor as a bound function
04:52:22 GMT+0000 (UTC) - compiled test.coffee
04:52:22 GMT+0000 (UTC) - compiled test.coffee
04:54:03 GMT+0000 (UTC) - compiled test.coffee
04:54:03 GMT+0000 (UTC) - compiled test.coffee
04:55:15 GMT+0000 (UTC) - compiled test.coffee
04:55:15 GMT+0000 (UTC) - compiled test.coffee
04:59:24 GMT+0000 (UTC) - compiled test.coffee
04:59:24 GMT+0000 (UTC) - compiled test.coffee
In index.coffee, Reserved word "var" on line 3
In index.coffee, Reserved word "var" on line 3
05:02:14 GMT+0000 (UTC) - compiled index.coffee
05:02:14 GMT+0000 (UTC) - compiled index.coffee
05:04:48 GMT+0000 (UTC) - compiled index.coffee
05:04:48 GMT+0000 (UTC) - compiled index.coffee
05:05:21 GMT+0000 (UTC) - compiled index.coffee
05:05:21 GMT+0000 (UTC) - compiled index.coffee
05:08:05 GMT+0000 (UTC) - compiled index.coffee
05:08:05 GMT+0000 (UTC) - compiled index.coffee
05:08:16 GMT+0000 (UTC) - compiled index.coffee
05:08:16 GMT+0000 (UTC) - compiled index.coffee
05:11:50 GMT+0000 (UTC) - compiled index.coffee
05:11:50 GMT+0000 (UTC) - compiled index.coffee
05:11:55 GMT+0000 (UTC) - compiled index.coffee
05:11:55 GMT+0000 (UTC) - compiled index.coffee
05:14:00 GMT+0000 (UTC) - compiled index.coffee
05:14:00 GMT+0000 (UTC) - compiled index.coffee
05:14:39 GMT+0000 (UTC) - compiled index.coffee
05:14:39 GMT+0000 (UTC) - compiled index.coffee
05:14:54 GMT+0000 (UTC) - compiled test.coffee
05:14:54 GMT+0000 (UTC) - compiled test.coffee
05:17:29 GMT+0000 (UTC) - compiled test.coffee
05:17:29 GMT+0000 (UTC) - compiled test.coffee
05:17:34 GMT+0000 (UTC) - compiled test.coffee
05:17:34 GMT+0000 (UTC) - compiled test.coffee
05:21:00 GMT+0000 (UTC) - compiled index.coffee
05:21:00 GMT+0000 (UTC) - compiled test.coffee
05:21:00 GMT+0000 (UTC) - compiled google.coffee
05:21:48 GMT+0000 (UTC) - compiled test.coffee
05:26:15 GMT+0000 (UTC) - compiled test.coffee
05:27:36 GMT+0000 (UTC) - compiled test.coffee
05:28:17 GMT+0000 (UTC) - compiled test.coffee
05:28:27 GMT+0000 (UTC) - compiled test.coffee
05:29:27 GMT+0000 (UTC) - compiled test.coffee
05:29:46 GMT+0000 (UTC) - compiled test.coffee
05:30:10 GMT+0000 (UTC) - compiled index.coffee
05:30:10 GMT+0000 (UTC) - compiled index.coffee
05:30:14 GMT+0000 (UTC) - compiled index.coffee
05:30:14 GMT+0000 (UTC) - compiled index.coffee
05:30:47 GMT+0000 (UTC) - compiled test.coffee
05:30:50 GMT+0000 (UTC) - compiled test.coffee
05:35:26 GMT+0000 (UTC) - compiled test.coffee
05:35:42 GMT+0000 (UTC) - compiled test.coffee
05:35:58 GMT+0000 (UTC) - compiled test.coffee
05:36:08 GMT+0000 (UTC) - compiled test.coffee
05:36:47 GMT+0000 (UTC) - compiled test.coffee
05:37:09 GMT+0000 (UTC) - compiled test.coffee
05:37:13 GMT+0000 (UTC) - compiled test.coffee
05:37:38 GMT+0000 (UTC) - compiled test.coffee
05:39:24 GMT+0000 (UTC) - compiled test.coffee
05:39:54 GMT+0000 (UTC) - compiled test.coffee
05:40:15 GMT+0000 (UTC) - compiled test.coffee
05:40:41 GMT+0000 (UTC) - compiled index.coffee
05:40:41 GMT+0000 (UTC) - compiled index.coffee
05:43:08 GMT+0000 (UTC) - compiled index.coffee
05:43:08 GMT+0000 (UTC) - compiled index.coffee
05:43:11 GMT+0000 (UTC) - compiled test.coffee
23:51:05 GMT+0000 (UTC) - compiled index.coffee
23:51:05 GMT+0000 (UTC) - compiled index.coffee
23:51:36 GMT+0000 (UTC) - compiled index.coffee
23:51:36 GMT+0000 (UTC) - compiled index.coffee
23:52:07 GMT+0000 (UTC) - compiled index.coffee
23:52:07 GMT+0000 (UTC) - compiled index.coffee
23:53:28 GMT+0000 (UTC) - compiled index.coffee
23:53:28 GMT+0000 (UTC) - compiled index.coffee
In index.coffee, Parse error on line 37: Unexpected 'POST_IF'
In index.coffee, Parse error on line 37: Unexpected 'POST_IF'
In index.coffee, Parse error on line 37: Unexpected 'POST_IF'
In index.coffee, Parse error on line 37: Unexpected 'POST_IF'
23:55:50 GMT+0000 (UTC) - compiled index.coffee
23:55:50 GMT+0000 (UTC) - compiled index.coffee
23:57:02 GMT+0000 (UTC) - compiled index.coffee
23:57:02 GMT+0000 (UTC) - compiled index.coffee
00:41:39 GMT+0000 (UTC) - compiled index.coffee
00:41:39 GMT+0000 (UTC) - compiled index.coffee
